<?xml version="1.0" encoding="UTF-8"?>
<testsuite xmlns:xsi="http://www.w3.org/2001/XMLSchema-instance" xsi:noNamespaceSchemaLocation="https://maven.apache.org/surefire/maven-surefire-plugin/xsd/surefire-test-report-3.0.xsd" version="3.0" name="org.json.simple.TestJsonValue" time="0.176" tests="3" errors="0" skipped="0" failures="0">
  <properties>
    <property name="sun.desktop" value="windows"/>
    <property name="awt.toolkit" value="sun.awt.windows.WToolkit"/>
    <property name="file.encoding.pkg" value="sun.io"/>
    <property name="java.specification.version" value="1.8"/>
    <property name="sun.cpu.isalist" value="amd64"/>
    <property name="sun.jnu.encoding" value="Cp1252"/>
    <property name="java.class.path" value="C:\Users\ASUS\Desktop\University\Semester 8\Software lab\SELAB3\json-simple\target\test-classes;C:\Users\ASUS\Desktop\University\Semester 8\Software lab\SELAB3\json-simple\target\classes;C:\Users\ASUS\.m2\repository\org\assertj\assertj-core\3.24.2\assertj-core-3.24.2.jar;C:\Users\ASUS\.m2\repository\net\bytebuddy\byte-buddy\1.12.21\byte-buddy-1.12.21.jar;C:\Users\ASUS\.m2\repository\junit\junit\4.10\junit-4.10.jar;C:\Users\ASUS\.m2\repository\org\hamcrest\hamcrest-core\1.1\hamcrest-core-1.1.jar;"/>
    <property name="java.vm.vendor" value="Amazon.com Inc."/>
    <property name="sun.arch.data.model" value="64"/>
    <property name="user.variant" value=""/>
    <property name="java.vendor.url" value="https://aws.amazon.com/corretto/"/>
    <property name="user.timezone" value="Asia/Tehran"/>
    <property name="java.vm.specification.version" value="1.8"/>
    <property name="os.name" value="Windows 10"/>
    <property name="user.country" value="US"/>
    <property name="sun.java.launcher" value="SUN_STANDARD"/>
    <property name="sun.boot.library.path" value="C:\Users\ASUS\.jdks\corretto-1.8.0_362\jre\bin"/>
    <property name="sun.java.command" value="C:\Users\ASUS\AppData\Local\Temp\surefire772390593238075825\surefirebooter-20230414171332952_3.jar C:\Users\ASUS\AppData\Local\Temp\surefire772390593238075825 2023-04-14T17-13-30_913-jvmRun1 surefire-20230414171332952_1tmp surefire_0-20230414171332952_2tmp"/>
    <property name="surefire.test.class.path" value="C:\Users\ASUS\Desktop\University\Semester 8\Software lab\SELAB3\json-simple\target\test-classes;C:\Users\ASUS\Desktop\University\Semester 8\Software lab\SELAB3\json-simple\target\classes;C:\Users\ASUS\.m2\repository\org\assertj\assertj-core\3.24.2\assertj-core-3.24.2.jar;C:\Users\ASUS\.m2\repository\net\bytebuddy\byte-buddy\1.12.21\byte-buddy-1.12.21.jar;C:\Users\ASUS\.m2\repository\junit\junit\4.10\junit-4.10.jar;C:\Users\ASUS\.m2\repository\org\hamcrest\hamcrest-core\1.1\hamcrest-core-1.1.jar;"/>
    <property name="sun.cpu.endian" value="little"/>
    <property name="user.home" value="C:\Users\ASUS"/>
    <property name="user.language" value="en"/>
    <property name="java.specification.vendor" value="Oracle Corporation"/>
    <property name="java.home" value="C:\Users\ASUS\.jdks\corretto-1.8.0_362\jre"/>
    <property name="basedir" value="C:\Users\ASUS\Desktop\University\Semester 8\Software lab\SELAB3\json-simple"/>
    <property name="file.separator" value="\"/>
    <property name="line.separator" value="&#10;"/>
    <property name="java.vm.specification.vendor" value="Oracle Corporation"/>
    <property name="java.specification.name" value="Java Platform API Specification"/>
    <property name="java.awt.graphicsenv" value="sun.awt.Win32GraphicsEnvironment"/>
    <property name="idea.version2020.1.3" value="true"/>
    <property name="surefire.real.class.path" value="C:\Users\ASUS\AppData\Local\Temp\surefire772390593238075825\surefirebooter-20230414171332952_3.jar"/>
    <property name="sun.boot.class.path" value="C:\Users\ASUS\.jdks\corretto-1.8.0_362\jre\lib\resources.jar;C:\Users\ASUS\.jdks\corretto-1.8.0_362\jre\lib\rt.jar;C:\Users\ASUS\.jdks\corretto-1.8.0_362\jre\lib\sunrsasign.jar;C:\Users\ASUS\.jdks\corretto-1.8.0_362\jre\lib\jsse.jar;C:\Users\ASUS\.jdks\corretto-1.8.0_362\jre\lib\jce.jar;C:\Users\ASUS\.jdks\corretto-1.8.0_362\jre\lib\charsets.jar;C:\Users\ASUS\.jdks\corretto-1.8.0_362\jre\lib\jfr.jar;C:\Users\ASUS\.jdks\corretto-1.8.0_362\jre\classes"/>
    <property name="user.script" value=""/>
    <property name="sun.management.compiler" value="HotSpot 64-Bit Tiered Compilers"/>
    <property name="java.runtime.version" value="1.8.0_362-b08"/>
    <property name="user.name" value="ASUS"/>
    <property name="path.separator" value=";"/>
    <property name="os.version" value="10.0"/>
    <property name="java.endorsed.dirs" value="C:\Users\ASUS\.jdks\corretto-1.8.0_362\jre\lib\endorsed"/>
    <property name="java.runtime.name" value="OpenJDK Runtime Environment"/>
    <property name="file.encoding" value="Cp1252"/>
    <property name="java.vm.name" value="OpenJDK 64-Bit Server VM"/>
    <property name="localRepository" value="C:\Users\ASUS\.m2\repository"/>
    <property name="java.vendor.url.bug" value="https://github.com/corretto/corretto-8/issues/"/>
    <property name="java.io.tmpdir" value="C:\Users\ASUS\AppData\Local\Temp\"/>
    <property name="java.version" value="1.8.0_362"/>
    <property name="user.dir" value="C:\Users\ASUS\Desktop\University\Semester 8\Software lab\SELAB3\json-simple"/>
    <property name="os.arch" value="amd64"/>
    <property name="java.vm.specification.name" value="Java Virtual Machine Specification"/>
    <property name="java.awt.printerjob" value="sun.awt.windows.WPrinterJob"/>
    <property name="sun.os.patch.level" value=""/>
    <property name="java.library.path" value="C:\Users\ASUS\.jdks\corretto-1.8.0_362\jre\bin;C:\Windows\Sun\Java\bin;C:\Windows\system32;C:\Windows;C:\Program Files (x86)\Rockwell Software\RSCommon;C:\Program Files\Microsoft MPI\Bin\;C:\Program Files\Common Files\Oracle\Java\javapath;C:\Program Files (x86)\Common Files\Oracle\Java\javapath;C:\Windows\system32;C:\Windows;C:\Windows\System32\Wbem;C:\Windows\System32\WindowsPowerShell\v1.0\;C:\Windows\System32\OpenSSH\;C:\Program Files (x86)\NVIDIA Corporation\PhysX\Common;C:\Program Files\Git\cmd;C:\Program Files\Java\jdk-13.0.2\bin;C:\Users\ASUS\AppData\Local\Programs\Python\Python37;C:\Users\ASUS\AppData\Local\Programs\Python\Python37\Scripts;C:\Program Files (x86)\Graphviz\bin\dot.exe;C:\Program Files\nodejs\;C:\ProgramData\chocolatey\bin;C:\Program Files\Docker\Docker\resources\bin;C:\ProgramData\DockerDesktop\version-bin;C:\Program Files\dotnet\;D:\MATLAB\R2016b\runtime\win64;D:\MATLAB\R2016b\bin;D:\MATLAB\R2016b\polyspace\bin;C:\Users\ASUS\AppData\Local\Programs\Python\Python39\Scripts\;C:\Users\ASUS\AppData\Local\Programs\Python\Python39\;C:\Users\ASUS\AppData\Local\Microsoft\WindowsApps;C:\modeltech64_2020.4\win64;C:\Users\ASUS\AppData\Local\Programs\Microsoft VS Code\bin;C:\Program Files (x86)\Graphviz\bin;C:\Users\ASUS\AppData\Roaming\npm;D:\Brackets\;."/>
    <property name="java.vm.info" value="mixed mode"/>
    <property name="java.vendor" value="Amazon.com Inc."/>
    <property name="java.vm.version" value="25.362-b08"/>
    <property name="java.specification.maintenance.version" value="4"/>
    <property name="java.ext.dirs" value="C:\Users\ASUS\.jdks\corretto-1.8.0_362\jre\lib\ext;C:\Windows\Sun\Java\lib\ext"/>
    <property name="sun.io.unicode.encoding" value="UnicodeLittle"/>
    <property name="java.class.version" value="52.0"/>
  </properties>
  <testcase name="testParseWhenGivenInvalidJSONStringThenReturnsNullAndThrowsException" classname="org.json.simple.TestJsonValue" time="0.135"/>
  <testcase name="testParseWhenGivenValidJSONStringThenReturnsObjectAndDoesNotThrowAnyException" classname="org.json.simple.TestJsonValue" time="0.002"/>
  <testcase name="testWriteJSONStringWhenGivenNonNullObjectThenWritesItCorrectly" classname="org.json.simple.TestJsonValue" time="0.001"/>
</testsuite>